29446
52626
159106
575011
585647
608211
612372
641355
944448
1036947
1108478
1182811
1223274
1253828
1256548
1378413
1638573
1744594
1929874
2290994
2513969
2552603
2561163
2570055
2588491
2614326
2732344
2733798
2742779
2764360
2845599
2875549
2921384
2925138
2984905
3046606
3051337
3066005
3117121
3167119
3206071
3303182
3404553
3463823
3472251
3477093
3520682
3571243
3630623
3673870
3709342
3718041
3718041
3757783
3784108
3795442
3870771
3943148
4087699
4087699
4143229
4160421
4161322
4415645
4584879
4605772
4650543
4658160
4717850
4800332
4859989
4872127
4886971
4889938
4919027
4964013
4981234
5007009
5111535
5198289
5331350
5357145
5370314
5549730
5764743
5773771
5808747
5841598
5852827
5852827
5951622
5993398
5993398
6034206
6050410
6111743
6149276
6163939
6190358
6281931
6318058
6374980
6430604
6430604
6464647
6743546
6747549
6772085
6836189
6848333
6856689
6862744
6974867
6991439
7007997
7040800
7083722
7203737
7223239
7438984
7443434
7545900
7601369
7640205
7676166
7708962
7716877
7720249
7761608
7767108
7785259
7800783
7810650
7845141
8026659
8222568
8245704
8319262
8319262
8407596
8462534
8525057
8565959
8571640
8588688
8763179
8967850
9024614
9025371
9032420
9076436
9147576
9147576
9188300
9195689
9195689
9241151
9266181
9270506
9271724
9321709
9489416
9508528
9512148
9577108
9606895
9674524
9700299
9878803
9924642
9928408
9945503
10009743
10012723
10097638
10160838
10235554
10314327
10343216
10486189
10580462
10654912
10765695
10911982
10981709
11019798
11086939
11189536
11192928
11285470
11286837
11289040
11456080
11509075
11521727
11524744
11558813
11588027
11662465
11763486
11829259
11900833
11905624
11930740
11937433
12086532
12278612
12570294
12642859
12673595
12727153
12792516
12792516
12854646
12854646
12871007
12871007
12906740
12929049
12939221
13007028
13224048
13253798
13280983
13285316
13302326
13321242
13428297
13478942
13606978
13638876
13704191
13726195
13856318
13914774
13949155
13979763
14067478
14072062
14073185
14161755
14196269
14317808
14735953
14771412
14858067
14858067
14872220
14892333
14959373
14984410
15022947
15085030
15092747
15143892
15144958
15224971
15281068
15302513
15636351
15643744
15694387
15702466
15815329
15832492
16002432
16110581
16220331
16220331
16434985
16705396
16839656
16839656
16906611
16950327
17001083
17070750
17072944
17210247
17319403
17437145
17486380
17889912
18015716
18045921
18136760
18140851
18175093
18187744
18196298
18219110
18446902
18476498
18725628
18854307
18959040
19123646
19173409
19190376
19263077
19282571
19300022
19301658
19307131
19385395
19385395
19385395
19391167
19393565
19495623
19506196
19507428
19598032
19603170
19734110
19909846
19952834
19994226
20056953
20086996
20086996
20089364
20153429
20197859
20346254
20404647
20457194
20473887
20501605
20726819
20819882
20844122
20854032
20976109
21073356
21104799
21111240
21142704
21172188
21197686
21259406
21259406
21460790
21486829
21523140
21523140
21584858
21634513
21636408
21682341
21694564
21714695
21751494
21845586
21895578
21979851
22069900
22070709
22153807
22201912
22201912
22221549
22261028
22287953
22360074
22469426
22573503
22627449
22686368
22702274
22728597
22742188
22832270
22906426
22995793
23036373
23169074
23182781
23183449
23211029
23291454
23420329
23505255
23560115
23690138
23843195
23844872
23989205
24010411
24033164
24086233
24086233
24092540
24092719
24100248
24173603
24358788
24502200
24716489
24716489
24721084
24753753
24856940
24909405
25075532
25184861
25205118
25205118
25220541
25287952
25337123
25358962
25364331
25373794
25519342
25538175
25617414
25617414
25670563
25728668
25795466
25796609
25804546
25944605
25971414
26024232
26178415
26178908
26326722
26416795
26497225
26541548
26626869
26690873
26759018
26761992
26813148
26813148
26833273
26847165
26847404
26924727
26943735
27156131
27225980
27272330
27308293
27316218
27316218
27355538
27398886
27407860
27414740
27423561
27530240
27544669
27544669
27623970
27623970
27670002
27693647
27746184
27839269
27839269
27839269
27899994
28030020
28035678
28120809
28157902
28157902
28201022
28211639
28211639
28299138
28405392
28500430
28585574
28666350
28666350
28730433
28884039
29123110
29123110
29179507
29205963
29230445
29236789
29241563
29241563
29337063
29451189
29478344
29501325
29517484
29707101
29720176
29729005
29742422
29743367
29767611
29800685
29800685
29973742
29978377
29994620
30032536
30115235
30116957
30138844
30187002
30273512
30388331
30447109
30608622
30649638
30684662
30702403
30702403
30726521
30726521
30844149
30844149
30867297
30867297
30900778
31107853
31126430
31148578
31292135
31330342
31342816
31350463
31358165
31358165
31427953
31427953
31450619
31478381
31478381
31493120
31614926
31631849
31714890
31751170
31777578
31920707
32069070
32249094
32324937
32419128
32472199
32526589
32556617
32558907
32661701
32661701
32661701
32661701
32662317
32675813
32694525
32762025
32788463
32833802
32833802
32856983
32856983
32873532
32932595
32932595
32932595
32947826
32961165
32970030
33040629
33211263
33297309
33321979
33321979
33341188
33362609
33367008
33454073
33458576
33570159
33596765
33619116
33619116
33735445
33744015
33749517
33869457
33910938
33938098
33976823
34004399
34014037
34090423
34104181
34242784
34295924
34319290
34366381
34379006
34379006
34382105
34382105
34402481
34498645
34510619
34554611
34555524
34597030
34615594
34630981
34630981
34667610
34690209
34690209
34699220
34746721
34779829
34806316
34811740
34883646
34980512
35009750
35024312
35051448
35086599
35166169
35205784
35265411
35330656
35417540
35444075
35444075
35457669
35489334
35489334
35529369
35529369
35529369
35529369
35633372
35697119
35703434
35703434
35713002
35815565
35818440
35819271
35887534
35887534
35915514
35915514
35972179
36049207
36095833
36185028
36194395
36194395
36216490
36247736
36291722
36336908
36359847
36360876
36422532
36557105
36572477
36615277
36682602
36725047
36745631
36881846
36899595
36942556
36952359
36956144
36956144
37040485
37053704
37053704
37053704
37115467
37162716
37180812
37227310
37313751
37343835
37372539
37416968
37424894
37424894
37494594
37525617
37535517
37588929
37644223
37644223
37646878
37773230
37845234
37893398
38004837
38024077
38034485
38164085
38197118
38227449
38227449
38258793
38260946
38263481
38263481
38263481
38390570
38503992
38522767
38524866
38542573
38593754
38593754
38618846
38618846
38673206
38898969
38998553
39042873
39068756
39087050
39113004
39122869
39165555
39295868
39295868
39311387
39427090
39431101
39482818
39545446
39555269
39606130
39627575
39649902
39656295
39656295
39682714
39703256
39903496
39903496
39920574
39993964
40023268
40028947
40085223
40154822
40161756
40311068
40322164
40362061
40427588
40628739
40649368
40671675
40680218
40754321
40764384
40818419
40818419
40865599
40949091
40999074
40999074
40999074
41086391
41088808
41224274
41256390
41273678
41273678
41355009
41449391
41491644
41554757
41560813
41699170
41720449
41750626
41750626
41750626
41758389
41840102
41852748
41897623
42044960
42044960
42044960
42061519
42061519
42061519
42061519
42107901
42127030
42280573
42281901
42386407
42386407
42507677
42640024
42703073
42712273
42712273
42751586
42751586
42767226
42817967
42823465
42823465
42823465
42850565
42871963
42916262
43015263
43090200
43121324
43138509
43138509
43138509
43175861
43200799
43200799
43237853
43273774
43323418
43336655
43378028
43418819
43418819
43447590
43458893
43540106
43616680
43616680
43645994
43645994
43645994
43663476
43709124
43747121
43747121
43747121
43757650
43757650
43781858
43873550
43878768
43948908
43957180
43957180
44061068
44081264
44081264
44082049
44082049
44096566
44096566
44108659
44140134
44147695
44165115
44184029
44184029
44184029
44184029
44184029
44193376
44237508
44326193
44413484
44417826
44417826
44449224
44449224
44517111
44522086
44567126
44663324
44755889
44818460
44880901
45004087
45057898
45092468
45145053
45242104
45493855
45525943
45525943
45525943
45525943
45530051
45539730
45539730
45539730
45548355
45761069
45761069
45766832
45766832
45776908
45795309
45916737
46100425
46188362
46223750
46260797
46311851
46543009
46543009
46558417
46578709
46631245
46644559
46874961
46905829
46983770
46995435
47111149
47145705
47145705
47173400
47331956
47423432
47550016
47554196
47650790
47657978
47657978
47678593
47681650
47803542
47830145
47852974
47854775
47854775
47897833
47912233
47919667
48033177
48033177
48046692
48053726
48067467
48179253
48200462
48231496
48272525
48272525
48280738
48299398
48389476
48399706
48399706
48425621
48461719
48464169
48475124
48500364
48562469
48562469
48567049
48567049
48583845
48704555
48877279
48932405
48978101
48978101
49036068
49142730
49147399
49192945
49192945
49240633
49240633
49274999
49346221
49346221
49346221
49346221
49427162
49440653
49461574
49483231
49486278
49486278
49499748
49499748
49563663
49639505
49639505
49639505
49639505
49785000
49792192
49792192
49792192
49792192
49792192
49807864
49807864
49814891
49815459
49851339
49880069
49937069
49957086
49957086
49985223
49985223
50051329
50074168
50075912
50084327
50149036
50163178
50267702
50345081
50369202
50553122
50669452
50787586
50811934
50856893
50873371
50914460
50922081
50932640
51021133
51021133
51021133
51021133
51021133
51037584
51108446
51108446
51136552
51235518
51377673
51379945
51522240
51614767
51670184
51670184
51678214
51703361
51721947
51726206
51726206
51967846
51967846
51982478
51982478
51982478
52040376
52040376
52040376
52040376
52102635
52116681
52116681
52200576
52225490
52307921
52307921
52315722
52347184
52347184
52347184
52387966
52411340
52415373
52423347
52482629
52623366
52669339
52669339
52672072
52714674
52730497
52818217
52933598
52936276
52942436
53013227
53013227
53026226
53031740
53031740
53086360
53086360
53086360
53086360
53142202
53145552
53181442
53212636
53326152
53356936
53373804
53458617
53494714
53499616
53499616
53791071
53806726
53810615
53811614
53892960
53892960
53893232
53952260
54013199
54025379
54089168
54097887
54113476
54113476
54145385
54256185
54308603
54323255
54323255
54323255
54439265
54448440
54503362
54559644
54582622
54592077
54612135
54651971
54731785
54739464
54739464
54790468
54833432
54919802
54960245
54960245
54960245
55014111
55014111
55063632
55063632
55076049
55098459
55098459
55098459
55109227
55116406
55118055
55118055
55118055
55176712
55176712
55286437
55347001
55550504
55553469
55587428
55744964
55746168
55746168
55746168
55820871
55885501
55909159
55960632
55977807
55977807
55977807
55995720
56008424
56016325
56016325
56016325
56030632
56055805
56128695
56136583
56210435
56306599
56306599
56651600
56658329
56733367
56788212
56788212
56788212
56862951
56881804
56881804
56901797
56901797
57016886
57256954
57256954
57316293
57342075
57410229
57416629
57435962
57489170
57489250
57596058
57597516
57597516
57654471
57688220
57792904
57792904
57845070
57860969
57860969
57881649
57881649
57894612
57894612
57899835
57941754
57952272
57952272
57960136
57994627
57996160
58010836
58019224
58154101
58154101
58154101
58177542
58182680
58193888
58238683
58333037
58781366
58781366
58781366
58781366
58834823
58834823
58834823
58834823
58929209
58953943
59080906
59093789
59093789
59093789
59145036
59155730
59185088
59226064
59260273
59286738
59286738
59286738
59299949
59301102
59408210
59430205
59430205
59430205
59518561
59518561
59697774
59697774
59750474
59750474
59809407
59891761
59898347
59898347
59913002
59918177
59918177
59925033
59929586
60008046
60008046
60008046
60027957
60076277
60082450
60119140
60183892
60183892
60290329
60385340
60385340
60408709
60408709
60412404
60557233
60594531
60612638
60665391
60677933
60690565
60717560
60763349
60763349
60763349
60767380
60767380
60767380
60767380
60819116
60860056
60935771
60935771
60935771
60935771
60935771
60935771
60935771
60984368
60997644
60998476
60998476
61034962
61047616
61047616
61047616
61047616
61047616
61052566
61067409
61075100
61075100
61077616
61077616
61077616
61129841
61147106
61147106
61151860
61181412
61181412
61257856
61293137
61293137
61293137
61296181
61299397
61333646
61340148
61526136
61543464
61543464
61597415
61597415
61636905
61712875
61755542
61809443
61825666
61825666
61852826
61863801
61863801
61874140
61909852
62022766
62138042
62138042
62138042
62183754
62258778
62294976
62463768
62497571
62497571
62497571
62565721
62660338
62673346
62704539
62704539
62774770
62803836
62803836
62865806
62865806
62865806
62865806
62903854
62932478
62988166
63059245
63098344
63098344
63104743
63118579
63118579
63204576
63204576
63212428
63212428
63254046
63261190
63261190
63279021
63279021
63286136
63332257
63338226
63338226
63338226
63345175
63345175
63358670
63358670
63358670
63491042
63513782
63513782
63513782
63524797
63535355
63582867
63590287
63590287
63624729
63669094
63669094
63710800
63731116
63805696
63827986
63873289
63873289
63944262
63944262
63962108
63963063
63973748
64036975
64083873
64083873
64083873
64232036
64271425
64271425
64273418
64273418
64280383
64360833
64369437
64378176
64391793
64391793
64393023
64484418
64558428
64584625
64602321
64681994
64681994
64801630
64856960
64856960
64867515
64874051
64888555
64888555
64910875
65003659
65014511
65034123
65091435
65136976
65220029
65285209
65285209
65377445
65413980
65413980
65413980
65443305
65444708
65444708
65484297
65495033
65495033
65524430
65566581
65571770
65603808
65626751
65636025
65636025
65642579
65642579
65642579
65671310
65671310
65701364
65701364
65705913
65714636
65721240
65721240
65734567
65734567
65764821
65765775
65765775
65765775
65781000
65781000
65822226
65852349
65874083
65899969
65974835
65987876
65987876
65987876
65987876
65987876
65987876
66021523
66043308
66055463
66055463
66056452
66083053
66205041
66205041
66265013
66288165
66356520
66356520
66396863
66396863
66452588
66462131
66462131
66463198
66466664
66466664
66478383
66541933
66583114
66583114
66583114
66583114
66611674
66625726
66625726
66628016
66662742
66672548
66672548
66672548
66672548
66705464
66755965
66779223
66779223
66779223
66822553
66844525
66844525
66906131
66906131
66984633
66984633
67012687
67012687
67012687
67055627
67055627
67189597
67193323
67193323
67204054
67204054
67228738
67242089
67272376
67282630
67282630
67313076
67441870
67455725
67493706
67493706
67493706
67493706
67526481
67560574
67575955
67629777
67630419
67677581
67677581
67702151
67702151
67702151
67723074
67734055
67734055
67734055
67759748
67776903
67776903
67831320
67831320
67875815
67916973
67948968
67948968
67948968
67973262
68025225
68025225
68026368
68082043
68165173
68165173
68179167
68203824
68228417
68228417
68228417
68228417
68234243
68234243
68281612
68342619
68435813
68482717
68489794
68554809
68575978
68595507
68610846
68654238
68704518
68704518
68704518
68762755
68762755
68762755
68820446
68820446
68840360
68862746
68870637
68878988
68878988
68878988
68878988
68890916
68897773
68897773
68984938
69015388
69054218
69071981
69085569
69121037
69154606
69154606
69154606
69167082
69186521
69264229
69333002
69354534
69552887
69552887
69552887
69556020
69556020
69636997
69636997
69636997
69645620
69652665
69652665
69736872
69972564
69972564
69972564
69972564
69972564
69972564
69972564
69972564
69993788
69993788
69998657
70026854
70031625
70109886
70112865
70159464
70227257
70265806
70299765
70299765
70370172
70370172
70382807
70382807
70382807
70400392
70536466
70542278
70542278
70562132
70567748
70628378
70633297
70633297
70685069
70697675
70735886
70750106
70750106
70755537
70855984
70855984
70855984
70954446
70954446
70954446
70966404
70992836
71008491
71008491
71068703
71076324
71076324
71076324
71076324
71076324
71076324
71076324
71130391
71130391
71130391
71130391
71148135
71150108
71150108
71201515
71201515
71201515
71275015
71275015
71314277
71314277
71420738
71420738
71446378
71446378
71448186
71472299
71472299
71481477
71481477
71481477
71481477
71491354
71491354
71491354
71506153
71514286
71544506
71630079
71635855
71635855
71635855
71635855
71636037
71636037
71641978
71742012
71760760
71813184
71813184
71857766
71857766
71892108
71956271
72038291
72057985
72107910
72107910
72107910
72107910
72120238
72132560
72171967
72247711
72290509
72322794
72341783
72358223
72358223
72381337
72432701
72445249
72467131
72467131
72520433
72520433
72553691
72593108
72642533
72642533
72642533
72661357
72664908
72664908
72706524
72706524
72725071
72725071
72725071
72728606
72755451
72796038
72826443
72826443
72926209
72926209
72980639
72980639
72983683
72993624
72996818
73028664
73129933
73152380
73159980
73230790
73243695
73245928
73283536
73362100
73384645
73405265
73405265
73447830
73474187
73474187
73480434
73529632
73543666
73544362
73544362
73544362
73544362
73567706
73567706
73671807
73671807
73671807
73710547
73739373
73740636
73740636
73740636
73740636
73740636
73812410
73869265
73936182
73965388
73965388
73965388
74210308
74249948
74249948
74258488
74278807
74381510
74385043
74413945
74424541
74448398
74491132
74554774
74637058
74641297
74711867
74711867
74811977
74813703
74985897
75013158
75039551
75157449
75170014
75170014
75170014
75172959
75173011
75173011
75178932
75178932
75201071
75201071
75201071
75201071
75201325
75212682
75250503
75252111
75252111
75282964
75322500
75427394
75452964
75452964
75452964
75466984
75494048
75525282
75539284
75539284
75561556
75574930
75669979
75669979
75741995
75741995
75756125
75855972
75914288
75914288
75937365
75937365
75937365
75965609
75985104
75985104
76003276
76120398
76128735
76159412
76160897
76160897
76215441
76215441
76215441
76215441
76219324
76263575
76263575
76272054
76297004
76332394
76335628
76335628
76344121
76344121
76344121
76369467
76405521
76413742
76413742
76413742
76487348
76539435
76558540
76578318
76578318
76578318
76578318
76603883
76603883
76603883
76603883
76620283
76620283
76648387
76653633
76692537
76730153
76730153
76824803
76834835
76834835
76834835
76834835
76834835
76938738
76938738
76953907
76967323
76967323
76972337
76972337
76990687
76990858
76990858
76990858
76994981
76997213
77007748
77053599
77055266
77068150
77090360
77119500
77128723
77128723
77128723
77134476
77142228
77145938
77175869
77175869
77175869
77176369
77246008
77259071
77259071
77259071
77259071
77259071
77291966
77291966
77291966
77383631
77535272
77535272
77552915
77552915
77552915
77591829
77610330
77610330
77630479
77661043
77661043
77768944
77768944
77768944
77768944
77793969
77793969
77802371
77886054
77950024
77960766
77995532
77995532
78022343
78022343
78022343
78033221
78054589
78069710
78085916
78133727
78166749
78348164
78348164
78368934
78388016
78439522
78439522
78618788
78618936
78624868
78706287
78768084
78774653
78779412
78789465
78789465
78811743
78811743
78811743
78811743
78851079
78880986
78880986
78993688
78995086
79050196
79124583
79124583
79128309
79189885
79306655
79321465
79321465
79323718
79330969
79338592
79338592
79380393
79442123
79461333
79461333
79462366
79467936
79472393
79472393
79519475
79519475
79519475
79641478
79647653
79685745
79727601
79727601
79749433
79749433
79856083
79866312
79926223
79960235
80044288
80158986
80190497
80197573
80197573
80210122
80210122
80237349
80277334
80282178
80311337
80311337
80332958
80332958
80399400
80420622
80420622
80498432
80583188
80583188
80587940
80587940
80592213
80592213
80602899
80635699
80649396
80651283
80661008
80675672
80729075
80737254
80737254
80825232
80868773
80873613
80901738
80901738
80982714
80982714
81000065
81055500
81100754
81129148
81184399
81185778
81185778
81226427
81260748
81263522
81307226
81319994
81352564
81352564
81364249
81414249
81438377
81505267
81522532
81544891
81544891
81559469
81656439
81656439
81758907
81779630
81791259
81791259
81840835
81840835
81850948
81868152
81872588
81894409
81894409
81943378
81943378
81990619
82048255
82083911
82083911
82083911
82083911
82098841
82308907
82381404
82381404
82381404
82381404
82381404
82384378
82470718
82491657
82552012
82561157
82567217
82592720
82592720
82592720
82596070
82596070
82602878
82602878
82602878
82602878
82645732
82676174
82676174
82676174
82676174
82676174
82687864
82687864
82687864
82783248
82789706
82804302
82804302
82804302
82813525
82813525
82813525
82813525
82813525
82813525
82915533
82923793
82936417
82936417
83010656
83010656
83061658
83072409
83072409
83081971
83081971
83084201
83089719
83089719
83089719
83096862
83096862
83096862
83096862
83125488
83125488
83162904
83175270
83217290
83252721
83282512
83291816
83338257
83458110
83525276
83525276
83538658
83538658
83576351
83576351
83576351
83801478
83801478
83801478
83801478
83874689
83874689
83874689
83883815
83883815
84050634
84050634
84151401
84153561
84153561
84205383
84268110
84282024
84311149
84396414
84396414
84409774
84420360
84445530
84477486
84477486
84477486
84535295
84605237
84605237
84664099
84768249
84802917
84817846
84817846
84850086
84850086
84850086
84921887
84921887
85112827
85112827
85112827
85133174
85133174
85269042
85319023
85319023
85319023
85385210
85489160
85489160
85493538
85530669
85560863
85560863
85603182
85603182
85603182
85623576
85623576
85636914
85636914
85636914
85636914
85636914
85766483
85772282
85775165
85806039
85826607
85834951
85834951
85834951
85840982
85840982
85895861
85905218
85917911
85917911
85927921
85954445
85985673
85991550
86002160
86028880
86028880
86087607
86087607
86087607
86087607
86164444
86164444
86242026
86258974
86319103
86352097
86390454
86443875
86450259
86450259
86450259
86467934
86490755
86490755
86517891
86562030
86562030
86562030
86641975
86732314
86751579
86772186
86772186
86772186
86796773
86796773
86798110
86844264
86943410
86943410
86963796
86998378
86998378
86998378
86998378
87073189
87084946
87084946
87149289
87149289
87149289
87149289
87176411
87184074
87222367
87223428
87375797
87437688
87437688
87451315
87458095
87458095
87462055
87496560
87521548
87573199
87604555
87604555
87604555
87604555
87604555
87604555
87615351
87615351
87618507
87678032
87678032
87698016
87702351
87708026
87738088
87765508
87805906
87808276
87808276
87808276
87808276
87858537
87987583
87987583
87987583
88103522
88196967
88215801
88215801
88231369
88231369
88253069
88258785
88258785
88258785
88300144
88316183
88370823
88403319
88403319
88442825
88442825
88561235
88584813
88584813
88619414
88619414
88619414
88677533
88910082
88916007
89006671
89006671
89100504
89123842
89176280
89529527
89531890
89531890
89531890
89533801
89555790
89555790
89555790
89555790
89572383
89572383
89572383
89640346
89702952
89780825
89780825
89780825
89823704
89823704
89888010
89931862
89964439
89964439
89975308
89981303
90017361
90027057
90053857
90053857
90053857
90053857
90081155
90081155
90108516
90108516
90108516
90108516
90127145
90140358
90244876
90244876
90251614
90358452
90361769
90361901
90386573
90386573
90386573
90386573
90386573
90386573
90442629
90442629
90442629
90442629
90445246
90445246
90486696
90536535
90536535
90542727
90573602
90573602
90573602
90576226
90577083
90577083
90577083
90577083
90629912
90629912
90633249
90709684
90709684
90709684
90711098
90738959
90763446
90795529
90795529
90795529
90797136
90818304
90818304
90939368
90939368
90983441
90983441
91031944
91031944
91031944
91070180
91070180
91070180
91070180
91070180
91078772
91078772
91136050
91143183
91155883
91175336
91186084
91186084
91186084
91186084
91186084
91186084
91186084
91189001
91189001
91192131
91192131
91192131
91205209
91228911
91248678
91261429
91261429
91261429
91298107
91298107
91298107
91298107
91298107
91340123
91340123
91442413
91442413
91442413
91442413
91466685
91551444
91556672
91589427
91622330
91622330
91622330
91629411
91629411
91722900
91722900
91726902
91763891
91763891
91763891
91772949
91809597
91852697
91960952
91960952
91960952
92011333
92011333
92101810
92101810
92146975
92159877
92159877
92159877
92159877
92186598
92192207
92192207
92192207
92192207
92208019
92221461
92252716
92358456
92358493
92372627
92454075
92454075
92489098
92512918
92512918
92550620
92550620
92550620
92582127
92582127
92582127
92582127
92582127
92582127
92582127
92745820
92765453
92765453
92765453
92765453
92785187
92785187
92786132
92786132
92791980
92791980
92802598
92889448
92889448
92940643
92940643
92940643
93078228
93078228
93093047
93123255
93159268
93184460
93184460
93193042
93193042
93193042
93194861
93210717
93250862
93319155
93330754
93359292
93359292
93361087
93361087
93440194
93440194
93450310
93455558
93462388
93462388
93482759
93534219
93581819
93582890
93586959
93586959
93586959
93684206
93684206
93684206
93684206
93684206
93729450
93729450
93729450
93763632
93803643
93803643
93825718
93844888
93844888
93915166
93915166
93992554
93992554
93992554
94001314
94063888
94063888
94063888
94063888
94063888
94122014
94163314
94163314
94171969
94178311
94178311
94178311
94206905
94226633
94290965
94312618
94312618
94312618
94312618
94312618
94312618
94312618
94317345
94352861
94352861
94352861
94372095
94372095
94379036
94401522
94401522
94401522
94401522
94435108
94467439
94475463
94502519
94515772
94579165
94607252
94607252
94607252
94654398
94654398
94654398
94654398
94658211
94666514
94700113
94730629
94775628
94775628
94788720
94788720
94788720
94788720
94835464
94848994
94883434
94910180
94944712
94960871
94960871
95046652
95059877
95059877
95066659
95066659
95070711
95070711
95070711
95070711
95070711
95070711
95106716
95122763
95157304
95157304
95184147
95184147
95184147
95184147
95273692
95273692
95293863
95367441
95422832
95442026
95442026
95464517
95464517
95464517
95464517
95481331
95481331
95481331
95481331
95481331
95481331
95482943
95548799
95548799
95548799
95548799
95548799
95665519
95665519
95734476
95749764
95749901
95755367
95831850
95850542
95855007
95863230
95904438
95928993
95965609
95965609
95965609
96028404
96028404
96028404
96028404
96043073
96043073
96043073
96124469
96124469
96134438
96134438
96187173
96194882
96227343
96279476
96279476
96279476
96279476
96387110
96443048
96486645
96486645
96486645
96486645
96486645
96497825
96497825
96542831
96601558
96601558
96606919
96622236
96622236
96622236
96622236
96626359
96657988
96680701
96680701
96680701
96680701
96680701
96680701
96680701
96685468
96685468
96685468
96707662
96707662
96713321
96713321
96713321
96783653
96783653
96783653
96784540
96784540
96784540
96784540
96828689
96854903
96881378
96881378
96881378
96881378
96963902
96964326
96964326
96986833
96986833
96989496
96989496
97001367
97001367
97039092
97039092
97039092
97039092
97061297
97065317
97096035
97100258
97218462
97218462
97222946
97284338
97299499
97299499
97325973
97330459
97330459
97335007
97335007
97335007
97358805
97358805
97370472
97395015
97408312
97408312
97408312
97408312
97408312
97430985
97449339
97492374
97492374
97492374
97493414
97549547
97584953
97584953
97584953
97685878
97737598
97741691
97741691
97741691
97741691
97741691
97766322
97822812
97822812
97845208
97860819
97860819
97880671
97880671
97880671
97912006
97912006
97922357
97923782
97971921
97971921
97971921
97972755
97972755
98015857
98023549
98023549
98117793
98117793
98151877
98169321
98177348
98177348
98177348
98177348
98212560
98246789
98280804
98312160
98312160
98312160
98327685
98328431
98328431
98328431
98335265
98342918
98355644
98355644
98355644
98365767
98365767
98365767
98376293
98376293
98385399
98385399
98385399
98385399
98426671
98499163
98551210
98569210
98569210
98569210
98569210
98569210
98595096
98611731
98659221
98659221
98673480
98673480
98711292
98723607
98735734
98777332
98777332
98777332
98777332
98837250
98837250
98850781
98870939
98897640
98956189
98956189
98968178
99059955
99059955
99059955
99059955
99059955
99060652
99071175
99073271
99135002
99197981
99201532
99208264
99208264
99208264
99208264
99253360
99253360
99260545
99260545
99358320
99358320
99450807
99489302
99496777
99501403
99501403
99516284
99516284
99516284
99516284
99522971
99522971
99528678
99528678
99541329
99541329
99543298
99548536
99575937
99575937
99575937
99577592
99582839
99725072
99725072
99772479
99825887
99832999
99832999
99883994
99883994
99883994
99916624
99916624
99928560
99928560
99928560
99928560
99928560
100050723
100062014
100086530
100086530
100160537
100227775
100227775
100229203
100229203
100238587
100238587
100315738
100315738
100315738
100327571
100364133
100364133
100364133
100364133
100364133
100456259
100464134
100464134
100499315
100499315
100499315
100544112
100587112
100587112
100587112
100590875
100599254
100599254
100639849
100639849
100673750
100696595
100696595
100696595
100696595
100831562
100842832
100842832
100853607
100853607
100903581
100903581
100904937
100904937
100933605
100933605
100972554
100982853
101002751
101002751
101002751
101002751
101015903
101052833
101054926
101054926
101054926
101054926
101054926
101054926
101056707
101101415
101101415
101117237
101117237
101117237
101117237
101148714
101201270
101230967
101230967
101245588
101245588
101245588
101245588
101245588
101245588
101245588
101245588
101245588
101273050
101317556
101401564
101431503
101463832
101477417
101477417
101520907
101520907
101668222
101778519
101818223
101818993
101818993
101818993
101818993
101818993
101852385
101914894
101942961
101942961
101967216
101967216
101998754
101998754
102051457
102051457
102051457
102072660
102072660
102072660
102073321
102074538
102074538
102101614
102101614
102101614
102152918
102184958
102184958
102184958
102184958
102193117
102206791
102252289
102269348
102325764
102325764
102325764
102325764
102325764
102500529
102527454
102553294
102635530
102635530
102652871
102664210
102664210
102664210
102692415
102692415
102692415
102722448
102722448
102722448
102722448
102722448
102761608
102761608
102778120
102804221
102872644
102872965
102963305
102963305
102963305
102963305
102963305
102970676
102982142
102991451
103014620
103014620
103020218
103020218
103020218
103020218
103020218
103032514
103042008
103042008
103042008
103042008
103085270
103085270
103085270
103089618
103089618
103089618
103112396
103112396
103112396
103114272
103114272
103141089
103141089
103141089
103141089
103190564
103200844
103200844
103237576
103264880
103264880
103264880
103264880
103264880
103264880
103264880
103264880
103264880
103264880
103264880
103267054
103267054
103267054
103322678
103343186
103343186
103343186
103343186
103343186
103343186
103351178
103352667
103352667
103381152
103466687
103466687
103466687
103466687
103475746
103486507
103501000
103501000
103547879
103547879
103560678
103634119
103634119
103634119
103699920
103699920
103699920
103699920
103743790
103743790
103770738
103770738
103864664
103870880
103870880
103870880
103870880
103870880
103870880
103870880
103871578
103871583
103941369
103948598
104001845
104001845
104001845
104009349
104009349
104016875
104016875
104092728
104092728
104127112
104129560
104129560
104129560
104129560
104129560
104129560
104131829
104131829
104166514
104166514
104232999
104232999
104232999
104238434
104238434
104255515
104319261
104359097
104403105
104403105
104439918
104447223
104510023
104540076
104540076
104616116
104616116
104616116
104622389
104622389
104622389
104622389
104643521
104677490
104699833
104706369
104787563
104787563
104787563
104827600
104827600
104827600
104884341
104889405
104907561
104942547
104942547
105002574
105058969
105058969
105090002
105090002
105103496
105103496
105103496
105103496
105201827
105201827
105289857
105289857
105289857
105313259
105324354
105333909
105333909
105333909
105333909
105333909
105427999
105427999
105456170
105485789
105533634
105533634
105533634
105538498
105538498
105538498
105543930
105553846
105570554
105570554
105636838
105643127
105652072
105652072
105659682
105659682
105664266
105664266
105666290
105672045
105674526
105685501
105685501
105685501
105685501
105685501
105685501
105685501
105693335
105695443
105746197
105757422
105764741
105764741
105764741
105823263
105885214
105885214
105885214
105885214
105903685
105992388
106016250
106016250
106016250
106118515
106118515
106215897
106215897
106215897
106215897
106215897
106235378
106235378
106235378
106274089
106274089
106285422
106315651
106320197
106348751
106348751
106362410
106362410
106386962
106406156
106406156
106406156
106406156
106406156
106406156
106406156
106406156
106406156
106406156
106406156
106406156
106415332
106452315
106458109
106500914
106500914
106500914
106500914
106520416
106520416
106525938
106525938
106609934
106625790
106680428
106690065
106729064
106732562
106732562
106732562
106760985
106787768
106787768
106802533
106802533
106844829
106844829
106844829
106844829
106845674
106859890
106859890
106859890
106863740
106863740
106863740
106906035
106906035
106911988
106959671
106959671
106959671
106974190
106974190
106974190
106981305
106982170
106982170
107032589
107074178
107115548
107115548
107115548
107151305
107151305
107161399
107197176
107211316
107211316
107211316
107256477
107256477
107256477
107256477
107256477
107256477
107256477
107261315
107275109
107281617
107291889
107331442
107331442
107331442
107344255
107371844
107371844
107373976
107373976
107373976
107460394
107495541
107495541
107495541
107495541
107526816
107526816
107526816
107526816
107530878
107537811
107556068
107559836
107559836
107603526
107603526
107603526
107603526
107603526
107603526
107639628
107639628
107639628
107639628
107672277
107672277
107672277
107672277
107689414
107689414
107689414
107689414
107689414
107690403
107698831
107698831
107698831
107698831
107701922
107730819
107810037
107810037
107845252
107864885
107940967
107940967
107947374
107947374
107949290
107949290
107949290
107949290
107949290
107962039
107962039
107984005
108000815
108000815
108037253
108037253
108072861
108078666
108078666
108078666
108094210
108094210
108094210
108094210
108102425
108161195
108206138
108206138
108206138
108247416
108291255
108307393
108307393
108307393
108307393
108317959
108317959
108317959
108345285
108417556
108461777
108461777
108465440
108562503
108562503
108563554
108563554
108563554
108563554
108563554
108563554
108563554
108630017
108630017
108645460
108645460
108669226
108712263
108712387
108737978
108737978
108737978
108742490
108852066
108852066
108852066
108891099
108891099
108891099
108991969
108999566
109025165
109046079
109046079
109065174
109065174
109065174
109065174
109065174
109065174
109076472
109076472
109076472
109076472
109082919
109082919
109082919
109082919
109122744
109125381
109125381
109151621
109151621
109151621
109158465
109160191
109201971
109258505
109258505
109258505
109258505
109287047
109297226
109326456
109326456
109326456
109326456
109326523
109354818
109354818
109401370
109401370
109401370
109401370
109401370
109453594
109460154
109485387
109485387
109485756
109518425
109518425
109538925
109538925
109542714
109553375
109575080
109586883
109668007
109685308
109685308
109711891
109711891
109711891
109711891
109711891
109711891
109726204
109726204
109726204
109726204
109726204
109726204
109746878
109746878
109746878
109746878
109747093
109747093
109747093
109747093
109756811
109778071
109793919
109793919
109793919
109816521
109829281
109829281
109829281
109829281
109829281
109996224
109996224
109996224
109996224
110047939
110047939
110060768
110060768
110083662
110083662
110083662
110101603
110101603
110101603
110101603
110101603
110101603
110101603
110142009
110142009
110162378
110162378
110177338
110177338
110177338
110203407
110266499
110266499
110266499
110296754
110317216
110327807
110327807
110360791
110360791
110360791
110360791
110360791
110361011
110361011
110402883
110434507
110434507
110434507
110436577
110438947
110459267
110483089
110483089
110483880
110483880
110484682
110518088
110518088
110526425
110526425
110526425
110547733
110547733
110547733
110588997
110588997
110588997
110588997
110588997
110588997
110611458
110611458
110659611
110659611
110659611
110659611
110743974
110745336
110822608
110829722
110829722
110829722
110885990
110885990
110887843
110899740
110899740
110967665
111011848
111011848
111011848
111011848
111011848
111011848
111011848
111011848
111011848
111011848
111011848
111011848
111012643
111015923
111015923
111045568
111045568
111051007
111214758
111223480
111223480
111223480
111223480
111223480
111274411
111274411
111277765
111322453
111327388
111378004
111378004
111417354
111417354
111417354
111426157
111426157
111499408
111499408
111510771
111550007
111550007
111550007
111574938
111574938
111574938
111574938
111621700
111621700
111636271
111636271
111636271
111636271
111636271
111659925
111659925
111659925
111661034
111698189
111754922
111754922
111806397
111806397
111827129
111827129
111886061
111938491
111938491
111938491
111938491
111938491
111943190
112011137
112011137
112011137
112050293
112050293
112050293
112069602
112069602
112070145
112070145
112111969
112111969
112122134
112137271
112137271
112137271
112137271
112140857
112218496
112226172
112243065
112251549
112261757
112261757
112277379
112277379
112477371
112477371
112481857
112510669
112510669
112510669
112510669
112515444
112515444
112547458
112547458
112547458
112550226
112550226
112550226
112550226
112550226
112559531
112590965
112590965
112590965
112590965
112590965
112622900
112622900
112646285
112646285
112646285
112646285
112672904
112675385
112675385
112675385
112675385
112676421
112676421
112693655
112713639
112730714
112730714
112730714
112730714
112730714
112730714
112730941
112730941
112730941
112730941
112785414
112785414
112785414
112785414
112846876
112846876
112846876
112846876
112851021
112851021
112851021
112851021
112851021
112851021
112851021
112851021
112851021
112851021
112929137
112961677
112977719
112977719
112977719
113037423
113037423
113037423
113037423
113134210
113134210
113134210
113134210
113135901
113157235
113157235
113164065
113181308
113181308
113181308
113181308
113208213
113245431
113267286
113303325
113311425
113311425
113314298
113314298
113314298
113343508
113346393
113346393
113346393
113347465
113415197
113415197
113429340
113429340
113442122
113442122
113461370
113461370
113474499
113474499
113474499
113474499
113474499
113474499
113522568
113522568
113522568
113553554
113553554
113553554
113565382
113598328
113608640
113608640
113608640
113647296
113647296
113650823
113661560
113680052
113681300
113698644
113698644
113756462
113756462
113813720
113813720
113865885
113865885
113865885
113865885
113865885
113865885
113865885
113887635
113897168
113907019
113907019
113907019
113907019
113907019
113907019
113907019
113907019
113907019
113909722
113909722
113934244
113934244
113977395
113977395
113994555
113994555
113994555
113994555
113994555
114009459
114009459
114009459
114009459
114009459
114009459
114022210
114034818
114041213
114041213
114048974
114073261
114073261
114073261
114073261
114080291
114089949
114101008
114101008
114101008
114119905
114119905
114164641
114164641
114184493
114184493
114234595
114234595
114234595
114234595
114234595
114260933
114271845
114278958
114383768
114446649
114446649
114455180
114455180
114455180
114455180
114455180
114465547
114465547
114465547
114465547
114548577
114562756
114580167
114589142
114597625
114597625
114623837
114623837
114632355
114632355
114632355
114632355
114659297
114659297
114659297
114659297
114659297
114659297
114659297
114659297
114659297
114676954
114676954
114676954
114683571
114718983
114718983
114735362
114735362
114735362
114735362
114735362
114735362
114735362
114735362
114737706
114737706
114737706
114788121
114788121
114788121
114788121
114788121
114788121
114788121
114919361
114919361
114919361
114925612
114933573
114949030
114949030
114949030
114968339
114968339
114968339
114970384
114970384
114970384
114970384
114970384
114980901
114980901
115002562
115006818
115006818
115006818
115046109
115062602
115103444
115103444
115103444
115103444
115103444
115103444
115103444
115103444
115103444
115103444
115110861
115118924
115133646
115133646
115133646
115197173
115198874
115217007
115217007
115217007
115242387
115242387
115261175
115261175
115272286
115272286
115272286
115281824
115281824
115328621
115328621
115407215
115407215
115407215
115469369
115486733
115502598
115542076
115569363
115569363
115569363
115569363
115580725
115580725
115580725
115694739
115694739
115694739
115694739
115716129
115716129
115716129
115716129
115716129
115716129
115716129
115716129
115716129
115716129
115716129
115716129
115716129
115774173
115774173
115774173
115774173
115774173
115774173
115774173
115774173
115774173
115774173
115774173
115774173
115774173
115784928
115784928
115794099
115821158
115821158
115821457
115821457
115821457
115821737
115838469
115838469
115838469
115867777
115867777
115900557
115900557
115900557
115900557
115900557
115974605
115974605
116005323
116005323
116005323
116005323
116075657
116131037
116144167
116148752
116170700
116194987
116194987
116194987
116194987
116208202
116223583
116223583
116223583
116223871
116223871
116223871
116223871
116223871
116228907
116228907
116306861
116345942
116347238
116347238
116386543
116386543
116386543
116400458
116428952
116428952
116483816
116483816
116483816
116483816
116515664
116515664
116607089
116624464
116624464
116631176
116661245
116661245
116661245
116661245
116661245
116661245
116661245
116661245
116661245
116661245
116692519
116704630
116751091
116751091
116751091
116751091
116774262
116775234
116775234
116775234
116775234
116775234
116776032
116803589
116838782
116838782
116838782
116875082
116875082
116875082
116875082
116908054
116908054
116908116
116913841
116931588
116969114
116993445
117091413
117112715
117124541
117129578
117130833
117151321
117151321
117179758
117183633
117183633
117307782
117307782
117402544
117402544
117461795
117461795
117515219
117520367
117613507
117631745
117701241
117729511
117729511
117729511
117732990
117732990
117788656
117788656
117788656
117788656
117818575
117818575
117818575
117818575
117840438
117852198
117930721
117931895
117931895
117931895
117984968
117984968
117984968
118024516
118042022
118043304
118065155
118065155
118065155
118065155
118065155
118065155
118077103
118116290
118116290
118116290
118116290
118116290
118152756
118152756
118152756
118152756
118152756
118152756
118152756
118152756
118174932
118205130
118205130
118205130
118205130
118255548
118266666
118266666
118266666
118274779
118274779
118303753
118303753
118303753
118385347
118385347
118385347
118385489
118487368
118487368
118489880
118530929
118530929
118530929
118630854
118676935
118759662
118759662
118759662
118759662
118772970
118772970
118772970
118772970
118772970
118772970
118784747
118787038
118827300
118827300
118871022
118871022
118871022
118871022
118920838
118972470
118984346
118984346
118984346
118984346
118984346
118984346
118984816
118984816
118984816
119008332
119008332
119008332
119008332
119011754
119011754
119036275
119040539
119047349
119101788
119154934
119154934
119154934
119154934
119164718
119164718
119164718
119239173
119239173
119259464
119264695
119264695
119300508
119373528
119373528
119373528
119406083
119406083
119406083
119407844
119438621
119490866
119506205
119506205
119506205
119508122
119558947
119558947
119577675
119634849
119674493
119674493
119674493
119715396
119715396
119715396
119715396
119768337
119768337
119768337
119768337
119768337
119768337
119768337
119768337
119784016
119784016
119784016
119784016
119796875
119796875
119796875
119796875
119796875
119815313
119815313
119861133
119875978
119875978
119875978
119887144
119923167
119923167
119923167
119923167
119923167
119924218
119924218
119924218
119952356
119989353
119989353
119989353
119989353
119989353
119989353
119997288
119997288
120002308
120002308
120020973
120020973
120020973
120020973
120108451
120137494
120148778
120148778
120148778
120162012
120175244
120209659
120209659
120209659
120209659
120209659
120220983
120220983
120220983
120227583
120227583
120227583
120258220
120258220
120258220
120258220
120258220
120258220
120258220
120258220
120324900
120324900
120324900
120324900
120324900
120356607
120386305
120389849
120451894
120467663
120467663
120509920
120536721
120577966
120577966
120617451
120623868
120623868
120623868
120623868
120623868
120623868
120623868
120672961
120672961
120672961
120672961
120672961
120672961
120672961
120672961
120672961
120673703
120706690
120706690
120706690
120706690
120708471
120733276
120739257
120739257
120739257
120739257
120739257
120750415
120757350
120757350
120762580
120776166
120776166
120776166
120776166
120779012
120779012
120779012
120779012
120785322
120785322
120785322
120785548
120785548
120802101
120802101
120814269
120814269
120814269
120814269
120814269
120814269
120814269
120815799
120815799
120815799
120815799
120891712
120903647
120903647
120903647
120906109
120906109
120906109
120918521
120931542
120940602
120988761
120988761
120988761
120988761
120988761
120993750
120993750
120993750
120993750
120993750
120993750
121004107
121008047
121008047
121008047
121033401
121133713
121187591
121187591
121192169
121192169
121192169
121192169
121192169
121271300
121271300
121279327
121279327
121279327
121316588
121390644
121459195
121459195
121459195
121459195
121525855
121525855
121541900
121541900
121541900
121549532
121577151
121590425
121599735
121599735
121599735
121599735
121603320
121603320
121603320
121603320
121603320
121637306
121637306
121664459
121664459
121664459
121664459
121739624
121782990
121782990
121950427
121950427
121990438
121990438
121990438
122007312
122007312
122007312
122007312
122007312
122007312
122009006
122009006
122009006
122009006
122011506
122064080
122081723
122081723
122081723
122081723
122081723
122081723
122094051
122113340
122113340
122113340
122113340
122113340
122137049
122148698
122148698
122186607
122186607
122186607
122186607
122186607
122186607
122273654
122273654
122273654
122296562
122296562
122296562
122296562
122296562
122298963
122308144
122308144
122308144
122326331
122326331
122326331
122326331
122326331
122358074
122358074
122379393
122379393
122379393
122395916
122409080
122409080
122421271
122421271
122421271
122421271
122423990
122423990
122432912
122432912
122432912
122437680
122437680
122437680
122437680
122458084
122458084
122458084
122458084
122496218
122496218
122496218
122496218
122496218
122496218
122496218
122549216
122593914
122608177
122671836
122716214
122716214
122723514
122723514
122774669
122774669
122774669
122774669
122774669
122775683
122775683
122775683
122777106
122777106
122828777
122828777
122828777
122834805
122834805
122871658
122871658
122871658
122890057
122922316
122925271
122925271
122939252
122939252
122953035
122953035
122954858
122954858
122954858
122954858
122989868
122992667
122992667
122992667
122992667
123033634
123033634
123045675
123125467
123125467
123136655
123136655
123136655
123136655
123168202
123168202
123217625
123217625
123218330
123218330
123247084
123301190
123301190
123301190
123301190
123307864
123320840
123320840
123327163
123333653
123333653
123382845
123387029
123456105
123508573
123508573
123522630
123522630
123522630
123522630
123535674
123535674
123544206
123545098
123545098
123546029
123546029
123546029
123546029
123547350
123547350
123547350
123547350
123547350
123547350
123547350
123547350
123570769
123618875
123618875
123618875
123618875
123641017
123641017
123641017
123641017
123710930
123743690
123743690
123743690
123743690
123743690
123771904
123771904
123771904
123771904
123845171
123847552
123847552
123847552
123857035
123857035
123857035
123857035
123857035
123857035
123857035
123896008
123896008
123897512
123897512
123897512
123909534
123909534
123909534
123909534
123909534
123916104
123981758
123998381
123998381
124032003
124032003
124032003
124032003
124065017
124144186
124196127
124196127
124196127
124233661
124233661
124291163
124303314
124316102
124316102
124316102
124318500
124347521
124405891
124405891
124405891
124408347
124408347
124408347
124408347
124435750
124435750
124435750
124435750
124442578
124442578
124461962
124461962
124461962
124461962
124461962
124461962
124463876
124463876
124470319
124470319
124470319
124471556
124471556
124522975
124566624
124566624
124625399
124625399
124706749
124831744
124831744
124863884
124863884
124863884
124863884
124886367
124886367
124886367
124886367
124894052
124894052
124934134
124940220
124946849
124961790
124961790
124961790
124961790
124961790
124961790
124961790
124961790
124961790
124979790
124979790
124979790
124979790
124979790
124987926
124987926
125069121
125095341
125161636
125161636
125180283
125188306
125188306
125188306
125188306
125208521
125231032
125231032
125231032
125231032
125231032
125231032
125231032
125252199
125252199
125274106
125274106
125274106
125274106
125274106
125274106
125297895
125300391
125300391
125300391
125349549
125357773
125357773
125357773
125361406
125361406
125399525
125399525
125462149
125484532
125577319
125577319
125577319
125583859
125583859
125583859
125583859
125583859
125587651
125587651
125587651
125587651
125587651
125617573
125617573
125617573
125626044
125626044
125651840
125651840
125651840
125651840
125651840
125673400
125673400
125680715
125680715
125680715
125680715
125680715
125680715
125680715
125680715
125680715
125689697
125689697
125718959
125718959
125718959
125718959
125718959
125722066
125722066
125722066
125731836
125735334
125735334
125756601
125756601
125756601
125794122
125794122
125795668
125795668
125795668
125795668
125795668
125795668
125795668
125872310
125872310
125872310
125882289
125882289
125882289
125882289
125882289
125882289
125882289
125902378
125902378
125902378
125957326
125957326
125957326
125957463
125957463
125957463
125957463
125957463
125957463
125967349
125967349
125967349
125967349
125969409
125969409
125969409
125969409
125969409
125969409
125979198
125979198
125999129
125999129
125999129
125999129
125999129
125999129
125999129
125999129
125999129
126041788
126042392
126042392
126077276
126077276
126077276
126103669
126103669
126103669
126136446
126174950
126174950
126174950
126182315
126182315
126182315
126206086
126233320
126233320
126233320
126233320
126233320
126263506
126263506
126263506
126263506
126263506
126267723
126505713
126505713
126505713
126505713
126505713
126613765
126616002
126616002
126616002
126620531
126620531
126620531
126636088
126636088
126636088
126651589
126651589
126651589
126652014
126658057
126658057
126659141
126680386
126680386
126680386
126697595
126698569
126698979
126708567
126717939
126800169
126800169
126802928
126818757
126818757
126818757
126818757
126856210
126856210
126856210
126856210
126856210
126856210
126856210
126856210
126856210
126856210
126856210
126908663
126910778
126974650
126974650
126974650
126974650
126979899
127018008
127018008
127024299
127082603
127082603
127082603
127101770
127196966
127196966
127196966
127201751
127216399
127254779
127254779
127331202
127363023
127398000
127398000
127410040
127414002
127414002
127420007
127420007
127420007
127431705
127431705
127431705
127431705
127431705
127431705
127434315
127434315
127434315
127434315
127434514
127456546
127456546
127456546
127456546
127456546
127456546
127464806
127476474
127476474
127476474
127476474
127476474
127483461
127483461
127491742
127491742
127491742
127495280
127495280
127567649
127567649
127570658
127570658
127618871
127634005
127634005
127634005
127634005
127634005
127635985
127635985
127685989
127685989
127685989
127685989
127685989
127685989
127745631
127745631
127772879
127772879
127772879
127772879
127772879
127772879
127772879
127772879
127772879
127772879
127772879
127805828
127805828
127805828
127805828
127805828
127805828
127805828
127816473
127816473
127852387
127852387
127852387
127852387
127852745
127854617
127854617
127874883
127887368
127887368
127887368
127887368
127887368
127981980
128014468
128041887
128041887
128056244
128056244
128078640
128078640
128078640
128078640
128078640
128098520
128098520
128098520
128098520
128114642
128127498
128127498
128127498
128142409
128142409
128142409
128142409
128166023
128166023
128180050
128256104
128291244
128291244
128291244
128296093
128296093
128315931
128315931
128363685
128363685
128363685
128363685
128363685
128363685
128371455
128383154
128383154
128383154
128416905
128416905
128417854
128434058
128470637
128470637
128470637
128481142
128481142
128490008
128511815
128511815
128511815
128511815
128524745
128524745
128597765
128597765
128628552
128714114
128715594
128748670
128757770
128757770
128767004
128767004
128767004
128811259
128811259
128811259
128834467
128847200
128977449
128977449
128977449
128977449
129011001
129011001
129022192
129025436
129129823
129134044
129134044
129136172
129136172
129136172
129136172
129136172
129136172
129136632
129136632
129136632
129136632
129136632
129138156
129188592
129188592
129211309
129211309
129215241
129215241
129215241
129215241
129244370
129244370
129263352
129263352
129263352
129263352
129263352
129263352
129263352
129263352
129276689
129276689
129276689
129276689
129276689
129276689
129276689
129318002
129318002
129330046
129346422
129346422
129346422
129346422
129346422
129358253
129358253
129358253
129358253
129358253
129361802
129361802
129361802
129361802
129361802
129361802
129367195
129367195
129381626
129459633
129459633
129459633
129459633
129465882
129465882
129465882
129465882
129465882
129465882
129493667
129494473
129504402
129504402
129515204
129515204
129519693
129519693
129519693
129566539
129566539
129566539
129566539
129566539
129566539
129566539
129566539
129614618
129639284
129639284
129639284
129639284
129639284
129639284
129639284
129639284
129695225
129695225
129695225
129739063
129745624
129745624
129745624
129745624
129745624
129745624
129745624
129788399
129788399
129788399
129788399
129788399
129838134
129838134
129838646
129838646
129838646
129838646
129869394
129869394
129879104
129893583
129893583
129893583
129893583
129940699
129940845
129962200
129972980
129972980
129972980
129972980
129972980
129985578
129985578
129985578
129985578
129985578
129985578
129985578
129985578
129985578
129985578
129985578
130008487
130008487
130008487
130008487
130008487
130008487
130008487
130028331
130048128
130050602
130088592
130088592
130088592
130104744
130126851
130126851
130144118
130144118
130149091
130149091
130165951
130165951
130165951
130165951
130214869
130251355
130251355
130257105
130257105
130257105
130257105
130289217
130289217
130289217
130307552
130307552
130307552
130307552
130329453
130330273
130364263
130364263
130364263
130364263
130364263
130364263
130416541
130416541
130416541
130435833
130435833
130440046
130468025
130491089
130491089
130500490
130500490
130513445
130513445
130513682
130519559
130519559
130537876
130537876
130537876
130585318
130585318
130585318
130585318
130585318
130608895
130608895
130617759
130617759
130642073
130642073
130674157
130674157
130684361
130689769
130689769
130689769
130691363
130733727
130733727
130733727
130742070
130759754
130790645
130790645
130818577
130818577
130833851
130833851
130833851
130854028
130854028
130854028
130869435
130869435
130869435
130869435
130869435
130869435
130869435
130869435
130869435
130902016
130902016
130942763
130942763
130942763
130942763
130942763
130942763
130942763
130942763
130989099
130989099
130989099
130995285
131011549
131011549
131011549
131011549
131011549
131071137
131071137
131071137
131089048
131147704
131147704
131161480
131161480
131161480
131161480
131161480
131175045
131175045
131175045
131214181
131223295
131223988
131280440
131280440
131280440
131280440
131280440
131280440
131280891
131280891
131280891
131280891
131280891
131280891
131280891
131280891
131286099
131286099
131286099
131313287
131313287
131313287
131318897
131320053
131320053
131320053
131329083
131329083
131332721
131332721
131332721
131332721
131332721
131339923
131339923
131339923
131339923
131347278
131349221
131349221
131360290
131360290
131360290
131360290
131360290
131360290
131360290
131360290
131360290
131360290
131360290
131360290
131360290
131360290
131360290
131360290
131372985
131372985
131379446
131379446
131464195
131464195
131476805
131476805
131479327
131481274
131481274
131481274
131568706
131568706
131660835
131660835
131688795
131688795
131698684
131698684
131698684
131698684
131702721
131702721
131702721
131702721
131732217
131732217
131732217
131732217
131734703
131746513
131758096
131758096
131778154
131788457
131788457
131833222
131917174
131917174
131917174
131917174
131917174
131917174
131917174
131917703
131917703
131928168
131928168
131928168
131928168
131928168
131928168
131928168
131928168
131928168
131928168
131946400
131946400
131946400
131954982
131954982
131972849
131972849
131972849
131972849
131972849
131972849
131980894
131980894
131980894
131980894
131980894
131980894
131980894
131980894
131980894
131980894
131980894
131980894
131980894
132002550
132002550
132002550
132002550
132052580
132107904
132107904
132107904
132181144
132239603
132239603
132239603
132239603
132239603
132239603
132239603
132239603
132239603
132239603
132239603
132239603
132239603
132243830
132276623
132276623
132336845
132336845
132336845
132336845
132336845
132382829
132382829
132412106
132412106
132440832
132440832
132462230
132462230
132462230
132462230
132470735
132470735
132470735
132470735
132483861
132483861
132515991
132564165
132564165
132564165
132564165
132564165
132571004
132571004
132620199
132627888
132634595
132696268
132706726
132706726
132706726
132706726
132706726
132734326
132734326
132736962
132736962
132744237
132744237
132774559
132774559
132774559
132774559
132774559
132776605
132776605
132776605
132792612
132792612
132863453
132881977
132881977
132898464
132910002
132910002
132910002
132940353
132940353
132940353
132940353
132955443
132955443
132955443
132955443
132971094
132971094
132975199
132985495
132985495
132985495
132985495
133005127
133005127
133005127
133039284
133044732
133047873
133047873
133058228
133058228
133064537
133064537
133064537
133064537
133111035
133119985
133119985
133119985
133119985
133119985
133126790
133126790
133126790
133126790
133170532
133170532
133175050
133175050
133175050
133175050
133175050
133175050
133194199
133204512
133204512
133204512
133231503
133231503
133231503
133231503
133231503
133231503
133231503
133231503
133233213
133233213
133233213
133233213
133233213
133233213
133237709
133237709
133241171
133241171
133241171
133241171
133241171
133241171
133241171
133241171
133241171
133241171
133251825
133257806
133257806
133257806
133257806
133257806
133269938
133296774
133296774
133322569
133324431
133324431
133324431
133345981
133345981
133345981
133345981
133345981
133345981
133348262
133348262
133348262
133348262
133399009
133399009
133418865
133418865
133418865
133418865
133449625
133449625
133449625
133449625
133449625
133449625
133449625
133449625
133449625
133449625
133449625
133449625
133449625
133449625
133449625
133450334
133450334
133452568
133463684
133463684
133480931
133480931
133504769
133504769
133504769
133504769
133504769
133504769
133524632
133524632
133524632
133524632
133538735
133538735
133538735
133554517
133620180
133649373
133649373
133681182
133681182
133681182
133681182
133698206
133698206
133698206
133698206
133698206
133705866
133750409
133750409
133799497
133839991
133841209
133841209
133841209
133841209
133841209
133841209
133854339
133854339
133854339
133854339
133859240
133859240
133932091
133932091
133932091
133932091
133932091
133932091
133932091
133937994
133947264
133947264
133960568
133960961
133980745
134003825
134003825
134003825
134003825
134003825
134003825
134003825
134003825
134003825
134078576
134078576
134081472
134081472
134081472
134081472
134099941
134112219
134138349
134138349
134138349
134138349
134138349
134138349
134140533
134140533
134140533
134172767
134177854
134177854
134177854
134177854
134177854
134213712
134213712
134219840
134219840
134219840
134219840
134222231
134222231
134230495
134230495
134230495
134230495
134230495
134238178
134297693
134327508
134327508
134327508
134327508
134331380
134331380
134331380
134331380
134341750
134355124
134355124
134355124
134361969
134422177
134422177
134422177
134422177
134456596
134456596
134456596
134456596
134456596
134456596
134456596
134456596
134475479
134475479
134475479
134475479
134475479
134475479
134475479
134475479
134475479
134475479
134475479
134475479
134475479
134475479
134518386
134518386
134518386
134526171
134526171
134526171
134554961
134554961
134561702
134561702
134561702
134561702
134561702
134620074
134620074
134628555
134628555
134628555
134639995
134677850
134688654
134751207
134798887
134801330
134801330
134801330
134801330
134801330
134801330
134814857
134814857
134861547
134905473
134905473
134905473
134910105
134915628
134915628
134917003
134917003
134917003
134927218
134975290
134975290
134975290
134975290
134975290
134975290
134988937
134988937
134988937
134988937
134988937
134988937
134988937
134988937
134988937
134988937
135010171
135010171
135010171
135022791
135022791
135080477
135080477
135080477
135080477
135112341
135112341
135152789
135152789
135206569
135214183
135214183
135214183
135214183
135214183
135214183
135214183
135214183
135225353
135229632
135229632
135300437
135300437
135300437
135300437
135300437
135365233
135370267
135370267
135380541
135380541
135380541
135380541
135383084
135383084
135383084
135389134
135394320
135394320
135403771
135403771
135403771
135403771
135403771
135410224
135410224
135410224
135429858
135465558
135465558
135465558
135465558
135465558
135475910
135479491
135479491
135479491
135479491
135479491
135479491
135499919
135527924
135527924
135527924
135527924
135527924
135527924
135539049
135652216
135652256
135678080
135712593
135712593
135712593
135712593
135722544
135722544
135722544
135722544
135722544
135722544
135724499
135724499
135724499
135785170
135785170
135791604
135791604
135796440
135796440
135796440
135812021
135812021
135812021
135821414
135821414
135821414
135821414
135827908
135827908
135827908
135842510
135842510
135842510
135842510
135842510
135842510
135842510
135842510
135872652
135872652
135889465
135889465
135889465
135889465
135889465
135903376
135960787
135960787
135960787
135960787
135960787
135960787
136013423
136059001
136059001
136059001
136059001
136059001
136059001
136059001
136061240
136061240
136061240
136061240
136076192
136076192
136149013
136149013
136149013
136149013
136149013
136149013
136149013
136149013
136149013
136170102
136182560
136182560
136184468
136235336
136312096
136312096
136324635
136325752
136325752
136325752
136325752
136325752
136339647
136339647
136356500
136372674
136372674
136372674
136372674
136372674
136372674
136372674
136383307
136383307
136383307
136383307
136383307
136414085
136414085
136414085
136414085
136414085
136414085
136414085
136437427
136437427
136440794
136441789
136457516
136457516
136457516
136457516
136461514
136461514
136461514
136461514
136461514
136461514
136461514
136461514
136477162
136477162
136477162
136489454
136491674
136545323
136545323
136572988
136572988
136572988
136572988
136572988
136588755
136595630
136595630
136628411
136628411
136628916
136628916
136628916
136628916
136640709
136640709
136653340
136658960
136674882
136674882
136674882
136674882
136678260
136703610
136703610
136711784
136711784
136711784
136711784
136711784
136711784
136729349
136729349
136729349
136729349
136729349
136739199
136745955
136745955
136745955
136745955
136758515
136758989
136758989
136758989
136770709
136775106
136775106
136792892
136808768
136808768
136808768
136808768
136808768
136808768
136855274
136855274
136855274
136855274
136857494
136857494
136871630
136907472
136907472
136907472
136912686
136922666
136938404
136938404
136938404
136938404
136938404
136938404
136964030
136967674
136991641
137008207
137008207
137008207
137008207
137008207
137008207
137008207
137008207
137008207
137061526
137061526
137061526
137061526
137061526
137061526
137061526
137061526
137061526
137061526
137061526
137093356
137093356
137093356
137106282
137106282
137106282
137106282
137133490
137154521
137154521
137154521
137154521
137183474
137183474
137183474
137183474
137183474
137188427
137188427
137188427
137188427
137188427
137188427
137188427
137188427
137195716
137195716
137195716
137195716
137195716
137221554
137244952
137244952
137244952
137277647
137285429
137330961
137377660
137377660
137377660
137377660
137424844
137439006
137439006
137439006
137461169
137470518
137470518
137470518
137470518
137470518
137486857
137486857
137486857
137486857
137503761
137503761
137503761
137503761
137518116
137561000
137561000
137561000
137561190
137561190
137561190
137561190
137561190
137561190
137561190
137561190
137561190
137561190
137561190
137561190
137561190
137561190
137561190
137561190
137561190
137561190
137618736
137630004
137630004
137630004
137630004
137630004
137639477
137639477
137639477
137639477
137639477
137646558
137646558
137646558
137646558
137647822
137647822
137647822
137688044
137688044
137688044
137744435
137744435
137770045
137772005
137796097
137796097
137796097
137796097
137796097
137810800
137810800
137812550
137816097
137817110
137817110
137830524
137830524
137830524
137870418
137870418
137870418
137870418
137870418
137870418
137870418
137870418
137870418
137870418
137870418
137870418
137870418
137870418
137870418
137870418
137870418
137881806
137887889
137895732
137895732
137895732
137895732
137899075
137899075
137899075
137961821
137961821
137961821
137961821
137961821
137961821
137961821
137961821
137967162
137967162
137967162
137981493
137981493
138010451
138010451
138040279
138065551
138079138
138079138
138108250
138112620
138112620
138112620
138124500
138124500
138137282
138137282
138148660
138152899
138199573
138246006
138258327
138258327
138258327
138258327
138258327
138258327
138258327
138258327
138258327
138258327
138258327
138313140
138371159
138371159
138377013
138392505
138392505
138392505
138447900
138447900
138500396
138501311
138530333
138534130
138534130
138534130
138534130
138534130
138545632
138545632
138545632
138545632
138545632
138557009
138557009
138557009
138557009
138557009
138557009
138557009
138557009
138557009
138557009
138557009
138557009
138562917
138573437
138573437
138573437
138573437
138573437
138573437
138573437
138573437
138573437
138627858
138627858
138661760
138662291
138662291
138662291
138662291
138662291
138662291
138662291
138690231
138690231
138690231
138693922
138693922
138693922
138709831
138738135
138738135
138738135
138831814
138831814
138831814
138831814
138831814
138831814
138831814
138831814
138831814
138831814
138831814
138831814
138856314
138896466
138896466
138896466
138896466
138909979
138909979
138909979
138909979
138909979
138930428
138930428
138931662
138931662
139005783
139005783
139005783
139005783
139012521
139012521
139012521
139012521
139012521
139012521
139012521
139012521
139034457
139034457
139034457
139034457
139034457
139048303
139048303
139078841
139078841
139078841
139078841
139078841
139078841
139078841
139078841
139078841
139078841
139078841
139078841
139078841
139078841
139078841
139101226
139104562
139104562
139104562
139104562
139104562
139104562
139104562
139108600
139108600
139108600
139128601
139128601
139128601
139128601
139128601
139128601
139128601
139128601
139128601
139128601
139128601
139128601
139128601
139128601
139128601
139128601
139128601
139177733
139177733
139182138
139182138
139182138
139196616
139201198
139201198
139201198
139201198
139201880
139222008
139222008
139222008
139227091
139227091
139293937
139293937
139299962
139299962
139324245
139324245
139324245
139324245
139324245
139324245
139341390
139341390
139344973
139344973
139344973
139344973
139344973
139354411
139354411
139354411
139354411
139354411
139354411
139368493
139368493
139368493
139368493
139368493
139374380
139374380
139397361
139397361
139397361
139397361
139397361
139397361
139397623
139397623
139397623
139397623
139397623
139397623
139397623
139399808
139399808
139447537
139447537
139447537
139466973
139466973
139491734
139528791
139531183
139531183
139531183
139531183
139531183
139538590
139539000
139539000
139539000
139539000
139549941
139549941
139574447
139574447
139574447
139581223
139581223
139581223
139582311
139599633
139599633
139638074
139658337
139658337
139658337
139662956
139662956
139664551
139681662
139681662
139681662
139691969
139691969
139692978
139692978
139692978
139692978
139737710
139737710
139737710
139737710
139737710
139737710
139737710
139737710
139763307
139763307
139763307
139783771
139783771
139790596
139790596
139804759
139804759
139804759
139804759
139804759
139804759
139804759
139804759
139804759
139844423
139844423
139844423
139844423
139844423
139844423
139844423
139851520
139894611
139894611
139894611
139895834
139895834
139895834
139895834
139895834
139895834
139895834
139899478
139899478
139899478
139901510
139901510
139914792
139919617
139969165
139969165
139969165
139973557
139973557
139999203
140017571
140017571
140017571
140017571
140017571
140017571
140017571
140017571
140017571
140017571
140053305
140053305
140053305
140053305
140156639
140156639
140157475
140157475
140162246
140162246
140162246
140194707
140194707
140196008
140196008
140209475
140223584
140223584
140223584
140279974
140279974
140279974
140279974
140279974
140279974
140279974
140298172
140298172
140350609
140409988
140413308
140413308
140425188
140439305
140439305
140439305
140439674
140439674
140439674
140439674
140439674
140439674
140439674
140439674
140439674
140443521
140453075
140453075
140453075
140453075
140453075
140453075
140453075
140453075
140453075
140453075
140496407
140496407
140496407
140496407
140496407
140531799
140590393
140590393
140590393
140590393
140590393
140590393
140590393
140590393
140590393
140593989
140593989
140593989
140593989
140593989
140593989
140620429
140624354
140624354
140624354
140624354
140624354
140624354
140624354
140624354
140624354
140655504
140655504
140655504
140677910
140727191
140727818
140727818
140727818
140727818
140727818
140727818
140730091
140730091
140730091
140730091
140730091
140730091
140730091
140730091
140746928
140754183
140799435
140799435
140822193
140829463
140829463
140829463
140829463
140829463
140829463
140829463
140829463
140829463
140829463
140829463
140829463
140829463
140837426
140837426
140837426
140837426
140840918
140840918
140840918
140840918
140885793
140936870
140936870
140936870
140936870
140936870
140936870
140936870
140940335
140940335
140940335
140949591
140955909
140955909
140955909
140955909
140955909
140955909
141011110
141011110
141011110
141011110
141016863
141017488
141026279
141035579
141044316
141070083
141070083
141132734
141158662
141158662
141158662
141222017
141222017
141222017
141222017
141222017
141222017
141223019
141223019
141223019
141223019
141223019
141223019
141223019
141285949
141285949
141285949
141285949
141285949
141285949
141285949
141298985
141298985
141345637
141345637
141374213
141382868
141400661
141400661
141400661
141400661
141407700
141407700
141408870
141408870
141408870
141433121
141433121
141433121
141433121
141433121
141463691
141463691
141463991
141463991
141463991
141474937
141481688
141481688
141492010
141492010
141500770
141500770
141500770
141500770
141500770
141500770
141500770
141500770
141500770
141500770
141500770
141500770
141500770
141500770
141500770
141505477
141505477
141543023
141543023
141543023
141543023
141543023
141549569
141551506
141551506
141551506
141551506
141551506
141551506
141551506
141551506
141551506
141551506
141551506
141551506
141551506
141584054
141584054
141584054
141596965
141596965
141596965
141596965
141596965
141596965
141596965
141596965
141596965
141596965
141596965
141598618
141598618
141603496
141603496
141620923
141625025
141632050
141652514
141693969
141700208
141700208
141700208
141727656
141727656
141732914
141739667
141739667
141765428
141765428
141833219
141833219
141833219
141833219
141833219
7765491
